{"level":"info","message":"MERCADO_PAGO_ACCESS_TOKEN:"}
{"level":"info","message":"Servidor rodando em http://localhost:3000"}
{"level":"info","message":"MongoDB connected"}
{"0":{"cardId":"68e6ba0216fc8fdc82ba356a","quantity":1},"level":"info","message":"Sessão da Lista atualizada:"}
{"level":"info","message":"MERCADO_PAGO_ACCESS_TOKEN:"}
{"level":"info","message":"Servidor rodando em http://localhost:3000"}
{"level":"info","message":"MongoDB connected"}
{"level":"info","message":"MERCADO_PAGO_ACCESS_TOKEN:"}
{"level":"info","message":"Servidor rodando em http://localhost:3000"}
{"level":"info","message":"MongoDB connected"}
{"level":"info","message":"MERCADO_PAGO_ACCESS_TOKEN:"}
{"level":"info","message":"Servidor rodando em http://localhost:3000"}
{"level":"info","message":"MongoDB connected"}
{"0":{"cardId":"68e6ba0216fc8fdc82ba356a","quantity":1},"level":"info","message":"Sessão da Lista atualizada:"}
{"level":"info","message":"MERCADO_PAGO_ACCESS_TOKEN:"}
{"level":"info","message":"Servidor rodando em http://localhost:3000"}
{"level":"info","message":"MongoDB connected"}
{"level":"info","message":"MERCADO_PAGO_ACCESS_TOKEN:"}
{"level":"info","message":"Servidor rodando em http://localhost:3000"}
{"level":"info","message":"MongoDB connected"}
{"level":"info","message":"MERCADO_PAGO_ACCESS_TOKEN:"}
{"level":"info","message":"Servidor rodando em http://localhost:3000"}
{"level":"info","message":"MongoDB connected"}
{"level":"info","message":"MERCADO_PAGO_ACCESS_TOKEN:"}
{"level":"info","message":"Servidor rodando em http://localhost:3000"}
{"level":"info","message":"MongoDB connected"}
{"level":"info","message":"MERCADO_PAGO_ACCESS_TOKEN:"}
{"level":"info","message":"Servidor rodando em http://localhost:3000"}
{"level":"info","message":"MongoDB connected"}
{"level":"info","message":"MERCADO_PAGO_ACCESS_TOKEN:"}
{"level":"info","message":"Servidor rodando em http://localhost:3000"}
{"level":"info","message":"MongoDB connected"}
{"level":"info","message":"MERCADO_PAGO_ACCESS_TOKEN:"}
{"level":"info","message":"Servidor rodando em http://localhost:3000"}
{"level":"info","message":"MongoDB connected"}
{"level":"info","message":"MERCADO_PAGO_ACCESS_TOKEN:"}
{"level":"info","message":"Servidor rodando em http://localhost:3000"}
{"level":"info","message":"MongoDB connected"}
{"level":"info","message":"MERCADO_PAGO_ACCESS_TOKEN:"}
{"level":"info","message":"Servidor rodando em http://localhost:3000"}
{"level":"info","message":"MongoDB connected"}
{"level":"info","message":"MERCADO_PAGO_ACCESS_TOKEN:"}
{"level":"info","message":"Servidor rodando em http://localhost:3000"}
{"level":"info","message":"MongoDB connected"}
{"level":"info","message":"MERCADO_PAGO_ACCESS_TOKEN:"}
{"level":"info","message":"Servidor rodando em http://localhost:3000"}
{"level":"info","message":"MongoDB connected"}
{"level":"info","message":"MERCADO_PAGO_ACCESS_TOKEN:"}
{"level":"info","message":"Servidor rodando em http://localhost:3000"}
{"level":"info","message":"MongoDB connected"}
{"level":"info","message":"MERCADO_PAGO_ACCESS_TOKEN:"}
{"level":"info","message":"Servidor rodando em http://localhost:3000"}
{"level":"info","message":"MongoDB connected"}
{"level":"info","message":"MERCADO_PAGO_ACCESS_TOKEN:"}
{"level":"info","message":"Servidor rodando em http://localhost:3000"}
{"level":"info","message":"MongoDB connected"}
{"level":"info","message":"MERCADO_PAGO_ACCESS_TOKEN:"}
{"level":"info","message":"Servidor rodando em http://localhost:3000"}
{"level":"info","message":"MongoDB connected"}
{"level":"info","message":"MERCADO_PAGO_ACCESS_TOKEN:"}
{"level":"info","message":"Servidor rodando em http://localhost:3000"}
{"level":"info","message":"MongoDB connected"}
{"level":"info","message":"MERCADO_PAGO_ACCESS_TOKEN:"}
{"level":"info","message":"Servidor rodando em http://localhost:3000"}
{"level":"info","message":"MongoDB connected"}
{"level":"info","message":"MERCADO_PAGO_ACCESS_TOKEN:"}
{"level":"info","message":"Servidor rodando em http://localhost:3000"}
{"level":"info","message":"MongoDB connected"}
{"level":"info","message":"MERCADO_PAGO_ACCESS_TOKEN:"}
{"level":"info","message":"Servidor rodando em http://localhost:3000"}
{"level":"info","message":"MongoDB connected"}
{"level":"info","message":"MERCADO_PAGO_ACCESS_TOKEN:"}
{"level":"info","message":"Servidor rodando em http://localhost:3000"}
{"level":"info","message":"MongoDB connected"}
{"level":"info","message":"MERCADO_PAGO_ACCESS_TOKEN:"}
{"level":"info","message":"Servidor rodando em http://localhost:3000"}
{"level":"info","message":"MongoDB connected"}
{"level":"info","message":"MERCADO_PAGO_ACCESS_TOKEN:"}
{"level":"info","message":"Servidor rodando em http://localhost:3000"}
{"level":"info","message":"MongoDB connected"}
{"level":"info","message":"MERCADO_PAGO_ACCESS_TOKEN:"}
{"level":"info","message":"Servidor rodando em http://localhost:3000"}
{"level":"info","message":"MongoDB connected"}
{"0":{"cardId":"68e6ba0216fc8fdc82ba356a","quantity":1},"level":"info","message":"Sessão da Lista atualizada:"}
{"level":"info","message":"MERCADO_PAGO_ACCESS_TOKEN:"}
{"level":"info","message":"Servidor rodando em http://localhost:3000"}
{"level":"info","message":"MongoDB connected"}
{"level":"info","message":"MERCADO_PAGO_ACCESS_TOKEN:"}
{"level":"info","message":"Servidor rodando em http://localhost:3000"}
{"level":"info","message":"MongoDB connected"}
{"level":"info","message":"MERCADO_PAGO_ACCESS_TOKEN:"}
{"level":"info","message":"Servidor rodando em http://localhost:3000"}
{"level":"info","message":"MongoDB connected"}
{"level":"info","message":"MERCADO_PAGO_ACCESS_TOKEN:"}
{"level":"info","message":"Servidor rodando em http://localhost:3000"}
{"level":"info","message":"MongoDB connected"}
{"level":"info","message":"MERCADO_PAGO_ACCESS_TOKEN:"}
{"level":"info","message":"Servidor rodando em http://localhost:3000"}
{"level":"info","message":"MongoDB connected"}
{"0":{"cardId":"68e6ba0216fc8fdc82ba356a","quantity":1},"level":"info","message":"Sessão da Lista atualizada:"}
{"level":"info","message":"[melhor-envio] Payload enviado:"}
{"level":"error","message":"[melhor-envio] Falha ao calcular o frete: [melhor-envio] 401 Unauthorized {\"message\":\"Unauthenticated.\"}"}
{"level":"info","message":"MERCADO_PAGO_ACCESS_TOKEN:"}
{"level":"info","message":"Servidor rodando em http://localhost:3000"}
{"level":"info","message":"MongoDB connected"}
{"0":{"cardId":"68e6ba0216fc8fdc82ba356a","quantity":1},"level":"info","message":"Sessão da Lista atualizada:"}
{"level":"info","message":"[melhor-envio] Payload enviado:"}
{"level":"error","message":"[melhor-envio] Falha ao calcular o frete: [melhor-envio] 401 Unauthorized {\"message\":\"Unauthenticated.\"}"}
{"level":"info","message":"MERCADO_PAGO_ACCESS_TOKEN:"}
{"level":"info","message":"Servidor rodando em http://localhost:3000"}
{"level":"info","message":"MongoDB connected"}
{"0":{"cardId":"68e6ba0216fc8fdc82ba356a","quantity":1},"level":"info","message":"Sessão da Lista atualizada:"}
{"level":"info","message":"[melhor-envio] Payload enviado:"}
{"level":"info","message":"[melhor-envio] Payload enviado:"}
{"level":"info","message":"[melhor-envio] Payload enviado:"}
{"0":{"cardId":"68e6ba0216fc8fdc82ba356a","quantity":2},"level":"info","message":"Sessão da Lista atualizada:"}
{"level":"info","message":"[melhor-envio] Payload enviado:"}
{"level":"info","message":"MERCADO_PAGO_ACCESS_TOKEN:"}
{"level":"info","message":"Servidor rodando em http://localhost:3000"}
{"level":"info","message":"MongoDB connected"}
{"level":"info","message":"MERCADO_PAGO_ACCESS_TOKEN:"}
{"level":"info","message":"Servidor rodando em http://localhost:3000"}
{"level":"info","message":"MongoDB connected"}
{"0":{"cardId":"68e6ba0216fc8fdc82ba356a","quantity":1},"level":"info","message":"Sessão da Lista atualizada:"}
{"level":"info","message":"[melhor-envio] Payload enviado:"}
{"0":{"cardId":"68e6ba0216fc8fdc82ba356a","quantity":2},"level":"info","message":"Sessão da Lista atualizada:"}
{"level":"info","message":"[melhor-envio] Payload enviado:"}
